[0.154s] Invoking command in '/home/zhu/rm2024/RC_October/build/raw_image': CMAKE_PREFIX_PATH=/opt/ros/humble /usr/bin/cmake --build /home/zhu/rm2024/RC_October/build/raw_image -- -j32 -l32
[0.189s] -- Found ament_cmake_auto: 1.3.9 (/opt/ros/humble/share/ament_cmake_auto/cmake)
[0.296s] -- Found cv_bridge: 3.2.1 (/opt/ros/humble/share/cv_bridge/cmake)
[0.325s] -- Found rosidl_generator_c: 3.1.5 (/opt/ros/humble/share/rosidl_generator_c/cmake)
[0.327s] -- Found rosidl_adapter: 3.1.5 (/opt/ros/humble/share/rosidl_adapter/cmake)
[0.334s] -- Found rosidl_generator_cpp: 3.1.5 (/opt/ros/humble/share/rosidl_generator_cpp/cmake)
[0.345s] -- Using all available rosidl_typesupport_c: rosidl_typesupport_fastrtps_c;rosidl_typesupport_introspection_c
[0.360s] -- Using all available rosidl_typesupport_cpp: rosidl_typesupport_fastrtps_cpp;rosidl_typesupport_introspection_cpp
[0.511s] -- Found rclcpp: 16.0.9 (/opt/ros/humble/share/rclcpp/cmake)
[0.551s] -- Found rmw_implementation_cmake: 6.1.2 (/opt/ros/humble/share/rmw_implementation_cmake/cmake)
[0.553s] -- Found rmw_fastrtps_cpp: 6.2.6 (/opt/ros/humble/share/rmw_fastrtps_cpp/cmake)
[0.640s] -- Using RMW implementation 'rmw_fastrtps_cpp' as default
[0.782s] -- Found ament_lint_auto: 0.12.11 (/opt/ros/humble/share/ament_lint_auto/cmake)
[0.797s] -- Added test 'cppcheck' to perform static code analysis on C / C++ code
[0.797s] -- Configured cppcheck include dirs: /home/zhu/rm2024/RC_October/src/raw_image/include
[0.797s] -- Configured cppcheck exclude dirs and/or files: 
[0.799s] -- Added test 'lint_cmake' to check CMake code style
[0.802s] -- Added test 'uncrustify' to check C / C++ code style
[0.802s] -- Configured uncrustify additional arguments: 
[0.803s] -- Added test 'xmllint' to check XML markup files
[0.806s] -- Configuring done
[0.817s] -- Generating done
[0.819s] -- Build files have been written to: /home/zhu/rm2024/RC_October/build/raw_image
[0.839s] [35m[1mConsolidate compiler generated dependencies of target raw_image_node[0m
[0.857s] [ 33%] [32mBuilding CXX object CMakeFiles/raw_image_node.dir/src/raw_image_node.cpp.o[0m
[0.858s] [ 66%] [32mBuilding CXX object CMakeFiles/raw_image_node.dir/src/raw_image.cpp.o[0m
[4.673s] [100%] [32m[1mLinking CXX executable raw_image_node[0m
[4.703s] /usr/bin/ld: æ‰¾ä¸åˆ° -lsensor_msgs: æ²¡æœ‰é‚£ä¸ªæ–‡ä»¶æˆ–ç›®å½•
[4.756s] collect2: error: ld returned 1 exit status
[4.758s] gmake[2]: *** [CMakeFiles/raw_image_node.dir/build.make:248ï¼šraw_image_node] é”™è¯¯ 1
[4.758s] gmake[1]: *** [CMakeFiles/Makefile2:137ï¼šCMakeFiles/raw_image_node.dir/all] é”™è¯¯ 2
[4.758s] gmake: *** [Makefile:146ï¼šall] é”™è¯¯ 2
[4.760s] Invoked command in '/home/zhu/rm2024/RC_October/build/raw_image' returned '2': CMAKE_PREFIX_PATH=/opt/ros/humble /usr/bin/cmake --build /home/zhu/rm2024/RC_October/build/raw_image -- -j32 -l32
