[0.111s] DEBUG:colcon:Command line arguments: ['/usr/bin/colcon', 'build']
[0.111s] DEBUG:colcon:Parsed command line arguments: Namespace(log_base=None, log_level=None, verb_name='build', build_base='build', install_base='install', merge_install=False, symlink_install=False, test_result_base=None, continue_on_error=False, executor='parallel', parallel_workers=32, event_handlers=None, ignore_user_meta=False, metas=['./colcon.meta'], base_paths=['.'], packages_ignore=None, packages_ignore_regex=None, paths=None, packages_up_to=None, packages_up_to_regex=None, packages_above=None, packages_above_and_dependencies=None, packages_above_depth=None, packages_select_by_dep=None, packages_skip_by_dep=None, packages_skip_up_to=None, packages_select_build_failed=False, packages_skip_build_finished=False, packages_select_test_failures=False, packages_skip_test_passed=False, packages_select=None, packages_skip=None, packages_select_regex=None, packages_skip_regex=None, packages_start=None, packages_end=None, allow_overriding=[], cmake_args=None, cmake_target=None, cmake_target_skip_unavailable=False, cmake_clean_cache=False, cmake_clean_first=False, cmake_force_configure=False, ament_cmake_args=None, catkin_cmake_args=None, catkin_skip_building_tests=False, verb_parser=<colcon_defaults.argument_parser.defaults.DefaultArgumentsDecorator object at 0x719408221240>, verb_extension=<colcon_core.verb.build.BuildVerb object at 0x719408220910>, main=<bound method BuildVerb.main of <colcon_core.verb.build.BuildVerb object at 0x719408220910>>)
[0.269s] Level 1:colcon.colcon_core.package_discovery:discover_packages(colcon_meta) check parameters
[0.269s] Level 1:colcon.colcon_core.package_discovery:discover_packages(recursive) check parameters
[0.269s] Level 1:colcon.colcon_core.package_discovery:discover_packages(ignore) check parameters
[0.269s] Level 1:colcon.colcon_core.package_discovery:discover_packages(path) check parameters
[0.269s] Level 1:colcon.colcon_core.package_discovery:discover_packages(colcon_meta) discover
[0.269s] Level 1:colcon.colcon_core.package_discovery:discover_packages(recursive) discover
[0.269s] INFO:colcon.colcon_core.package_discovery:Crawling recursively for packages in '/home/zhu/rm2024/RC_October'
[0.269s] Level 1:colcon.colcon_core.package_identification:_identify(.) by extensions ['ignore', 'ignore_ament_install']
[0.269s] Level 1:colcon.colcon_core.package_identification:_identify(.) by extension 'ignore'
[0.269s] Level 1:colcon.colcon_core.package_identification:_identify(.) by extension 'ignore_ament_install'
[0.269s] Level 1:colcon.colcon_core.package_identification:_identify(.) by extensions ['colcon_pkg']
[0.269s] Level 1:colcon.colcon_core.package_identification:_identify(.) by extension 'colcon_pkg'
[0.269s] Level 1:colcon.colcon_core.package_identification:_identify(.) by extensions ['colcon_meta']
[0.269s] Level 1:colcon.colcon_core.package_identification:_identify(.) by extension 'colcon_meta'
[0.269s] Level 1:colcon.colcon_core.package_identification:_identify(.) by extensions ['ros']
[0.269s] Level 1:colcon.colcon_core.package_identification:_identify(.) by extension 'ros'
[0.276s] Level 1:colcon.colcon_core.package_identification:_identify(.) by extensions ['cmake', 'python']
[0.276s] Level 1:colcon.colcon_core.package_identification:_identify(.) by extension 'cmake'
[0.277s] Level 1:colcon.colcon_core.package_identification:_identify(.) by extension 'python'
[0.277s] Level 1:colcon.colcon_core.package_identification:_identify(.) by extensions ['python_setup_py']
[0.277s] Level 1:colcon.colcon_core.package_identification:_identify(.) by extension 'python_setup_py'
[0.277s] Level 1:colcon.colcon_core.package_identification:_identify(build) by extensions ['ignore', 'ignore_ament_install']
[0.277s] Level 1:colcon.colcon_core.package_identification:_identify(build) by extension 'ignore'
[0.277s] Level 1:colcon.colcon_core.package_identification:_identify(build) ignored
[0.277s] Level 1:colcon.colcon_core.package_identification:_identify(install) by extensions ['ignore', 'ignore_ament_install']
[0.277s] Level 1:colcon.colcon_core.package_identification:_identify(install) by extension 'ignore'
[0.277s] Level 1:colcon.colcon_core.package_identification:_identify(install) ignored
[0.277s] Level 1:colcon.colcon_core.package_identification:_identify(log) by extensions ['ignore', 'ignore_ament_install']
[0.277s] Level 1:colcon.colcon_core.package_identification:_identify(log) by extension 'ignore'
[0.277s] Level 1:colcon.colcon_core.package_identification:_identify(log) ignored
[0.277s] Level 1:colcon.colcon_core.package_identification:_identify(src) by extensions ['ignore', 'ignore_ament_install']
[0.277s] Level 1:colcon.colcon_core.package_identification:_identify(src) by extension 'ignore'
[0.277s] Level 1:colcon.colcon_core.package_identification:_identify(src) by extension 'ignore_ament_install'
[0.277s] Level 1:colcon.colcon_core.package_identification:_identify(src) by extensions ['colcon_pkg']
[0.277s] Level 1:colcon.colcon_core.package_identification:_identify(src) by extension 'colcon_pkg'
[0.277s] Level 1:colcon.colcon_core.package_identification:_identify(src) by extensions ['colcon_meta']
[0.277s] Level 1:colcon.colcon_core.package_identification:_identify(src) by extension 'colcon_meta'
[0.277s] Level 1:colcon.colcon_core.package_identification:_identify(src) by extensions ['ros']
[0.277s] Level 1:colcon.colcon_core.package_identification:_identify(src) by extension 'ros'
[0.277s] Level 1:colcon.colcon_core.package_identification:_identify(src) by extensions ['cmake', 'python']
[0.277s] Level 1:colcon.colcon_core.package_identification:_identify(src) by extension 'cmake'
[0.277s] Level 1:colcon.colcon_core.package_identification:_identify(src) by extension 'python'
[0.277s] Level 1:colcon.colcon_core.package_identification:_identify(src) by extensions ['python_setup_py']
[0.277s] Level 1:colcon.colcon_core.package_identification:_identify(src) by extension 'python_setup_py'
[0.278s] Level 1:colcon.colcon_core.package_identification:_identify(src/QR) by extensions ['ignore', 'ignore_ament_install']
[0.278s] Level 1:colcon.colcon_core.package_identification:_identify(src/QR) by extension 'ignore'
[0.278s] Level 1:colcon.colcon_core.package_identification:_identify(src/QR) by extension 'ignore_ament_install'
[0.278s] Level 1:colcon.colcon_core.package_identification:_identify(src/QR) by extensions ['colcon_pkg']
[0.278s] Level 1:colcon.colcon_core.package_identification:_identify(src/QR) by extension 'colcon_pkg'
[0.278s] Level 1:colcon.colcon_core.package_identification:_identify(src/QR) by extensions ['colcon_meta']
[0.278s] Level 1:colcon.colcon_core.package_identification:_identify(src/QR) by extension 'colcon_meta'
[0.278s] Level 1:colcon.colcon_core.package_identification:_identify(src/QR) by extensions ['ros']
[0.278s] Level 1:colcon.colcon_core.package_identification:_identify(src/QR) by extension 'ros'
[0.278s] Level 1:colcon.colcon_core.package_identification:_identify(src/QR) by extensions ['cmake', 'python']
[0.278s] Level 1:colcon.colcon_core.package_identification:_identify(src/QR) by extension 'cmake'
[0.278s] Level 1:colcon.colcon_core.package_identification:_identify(src/QR) by extension 'python'
[0.278s] Level 1:colcon.colcon_core.package_identification:_identify(src/QR) by extensions ['python_setup_py']
[0.278s] Level 1:colcon.colcon_core.package_identification:_identify(src/QR) by extension 'python_setup_py'
[0.278s] Level 1:colcon.colcon_core.package_identification:_identify(src/qr_identify) by extensions ['ignore', 'ignore_ament_install']
[0.278s] Level 1:colcon.colcon_core.package_identification:_identify(src/qr_identify) by extension 'ignore'
[0.278s] Level 1:colcon.colcon_core.package_identification:_identify(src/qr_identify) by extension 'ignore_ament_install'
[0.278s] Level 1:colcon.colcon_core.package_identification:_identify(src/qr_identify) by extensions ['colcon_pkg']
[0.278s] Level 1:colcon.colcon_core.package_identification:_identify(src/qr_identify) by extension 'colcon_pkg'
[0.278s] Level 1:colcon.colcon_core.package_identification:_identify(src/qr_identify) by extensions ['colcon_meta']
[0.278s] Level 1:colcon.colcon_core.package_identification:_identify(src/qr_identify) by extension 'colcon_meta'
[0.278s] Level 1:colcon.colcon_core.package_identification:_identify(src/qr_identify) by extensions ['ros']
[0.278s] Level 1:colcon.colcon_core.package_identification:_identify(src/qr_identify) by extension 'ros'
[0.280s] DEBUG:colcon.colcon_core.package_identification:Package 'src/qr_identify' with type 'ros.ament_python' and name 'qr_identify'
[0.280s] Level 1:colcon.colcon_core.package_identification:_identify(src/raw_image) by extensions ['ignore', 'ignore_ament_install']
[0.280s] Level 1:colcon.colcon_core.package_identification:_identify(src/raw_image) by extension 'ignore'
[0.280s] Level 1:colcon.colcon_core.package_identification:_identify(src/raw_image) by extension 'ignore_ament_install'
[0.280s] Level 1:colcon.colcon_core.package_identification:_identify(src/raw_image) by extensions ['colcon_pkg']
[0.280s] Level 1:colcon.colcon_core.package_identification:_identify(src/raw_image) by extension 'colcon_pkg'
[0.280s] Level 1:colcon.colcon_core.package_identification:_identify(src/raw_image) by extensions ['colcon_meta']
[0.280s] Level 1:colcon.colcon_core.package_identification:_identify(src/raw_image) by extension 'colcon_meta'
[0.280s] Level 1:colcon.colcon_core.package_identification:_identify(src/raw_image) by extensions ['ros']
[0.280s] Level 1:colcon.colcon_core.package_identification:_identify(src/raw_image) by extension 'ros'
[0.281s] DEBUG:colcon.colcon_core.package_identification:Package 'src/raw_image' with type 'ros.ament_cmake' and name 'raw_image'
[0.281s] Level 1:colcon.colcon_core.package_discovery:discover_packages(recursive) using defaults
[0.281s] Level 1:colcon.colcon_core.package_discovery:discover_packages(ignore) discover
[0.281s] Level 1:colcon.colcon_core.package_discovery:discover_packages(ignore) using defaults
[0.281s] Level 1:colcon.colcon_core.package_discovery:discover_packages(path) discover
[0.281s] Level 1:colcon.colcon_core.package_discovery:discover_packages(path) using defaults
[0.299s] Level 1:colcon.colcon_core.package_discovery:discover_packages(prefix_path) check parameters
[0.299s] Level 1:colcon.colcon_core.package_discovery:discover_packages(prefix_path) discover
[0.302s] DEBUG:colcon.colcon_installed_package_information.package_discovery:Found 349 installed packages in /opt/ros/humble
[0.303s] Level 1:colcon.colcon_core.package_discovery:discover_packages(prefix_path) using defaults
[0.334s] Level 5:colcon.colcon_core.verb:set package 'qr_identify' build argument 'cmake_args' from command line to 'None'
[0.334s] Level 5:colcon.colcon_core.verb:set package 'qr_identify' build argument 'cmake_target' from command line to 'None'
[0.334s] Level 5:colcon.colcon_core.verb:set package 'qr_identify' build argument 'cmake_target_skip_unavailable' from command line to 'False'
[0.334s] Level 5:colcon.colcon_core.verb:set package 'qr_identify' build argument 'cmake_clean_cache' from command line to 'False'
[0.334s] Level 5:colcon.colcon_core.verb:set package 'qr_identify' build argument 'cmake_clean_first' from command line to 'False'
[0.334s] Level 5:colcon.colcon_core.verb:set package 'qr_identify' build argument 'cmake_force_configure' from command line to 'False'
[0.334s] Level 5:colcon.colcon_core.verb:set package 'qr_identify' build argument 'ament_cmake_args' from command line to 'None'
[0.334s] Level 5:colcon.colcon_core.verb:set package 'qr_identify' build argument 'catkin_cmake_args' from command line to 'None'
[0.334s] Level 5:colcon.colcon_core.verb:set package 'qr_identify' build argument 'catkin_skip_building_tests' from command line to 'False'
[0.334s] DEBUG:colcon.colcon_core.verb:Building package 'qr_identify' with the following arguments: {'ament_cmake_args': None, 'build_base': '/home/zhu/rm2024/RC_October/build/qr_identify', 'catkin_cmake_args': None, 'catkin_skip_building_tests': False, 'cmake_args': None, 'cmake_clean_cache': False, 'cmake_clean_first': False, 'cmake_force_configure': False, 'cmake_target': None, 'cmake_target_skip_unavailable': False, 'install_base': '/home/zhu/rm2024/RC_October/install/qr_identify', 'merge_install': False, 'path': '/home/zhu/rm2024/RC_October/src/qr_identify', 'symlink_install': False, 'test_result_base': None}
[0.334s] Level 5:colcon.colcon_core.verb:set package 'raw_image' build argument 'cmake_args' from command line to 'None'
[0.334s] Level 5:colcon.colcon_core.verb:set package 'raw_image' build argument 'cmake_target' from command line to 'None'
[0.334s] Level 5:colcon.colcon_core.verb:set package 'raw_image' build argument 'cmake_target_skip_unavailable' from command line to 'False'
[0.334s] Level 5:colcon.colcon_core.verb:set package 'raw_image' build argument 'cmake_clean_cache' from command line to 'False'
[0.334s] Level 5:colcon.colcon_core.verb:set package 'raw_image' build argument 'cmake_clean_first' from command line to 'False'
[0.334s] Level 5:colcon.colcon_core.verb:set package 'raw_image' build argument 'cmake_force_configure' from command line to 'False'
[0.335s] Level 5:colcon.colcon_core.verb:set package 'raw_image' build argument 'ament_cmake_args' from command line to 'None'
[0.335s] Level 5:colcon.colcon_core.verb:set package 'raw_image' build argument 'catkin_cmake_args' from command line to 'None'
[0.335s] Level 5:colcon.colcon_core.verb:set package 'raw_image' build argument 'catkin_skip_building_tests' from command line to 'False'
[0.335s] DEBUG:colcon.colcon_core.verb:Building package 'raw_image' with the following arguments: {'ament_cmake_args': None, 'build_base': '/home/zhu/rm2024/RC_October/build/raw_image', 'catkin_cmake_args': None, 'catkin_skip_building_tests': False, 'cmake_args': None, 'cmake_clean_cache': False, 'cmake_clean_first': False, 'cmake_force_configure': False, 'cmake_target': None, 'cmake_target_skip_unavailable': False, 'install_base': '/home/zhu/rm2024/RC_October/install/raw_image', 'merge_install': False, 'path': '/home/zhu/rm2024/RC_October/src/raw_image', 'symlink_install': False, 'test_result_base': None}
[0.335s] INFO:colcon.colcon_core.executor:Executing jobs using 'parallel' executor
[0.335s] DEBUG:colcon.colcon_parallel_executor.executor.parallel:run_until_complete
[0.335s] INFO:colcon.colcon_ros.task.ament_python.build:Building ROS package in '/home/zhu/rm2024/RC_October/src/qr_identify' with build type 'ament_python'
[0.335s] Level 1:colcon.colcon_core.shell:create_environment_hook('qr_identify', 'ament_prefix_path')
[0.339s] INFO:colcon.colcon_core.plugin_system:Skipping extension 'colcon_core.shell.bat': Not used on non-Windows systems
[0.340s] INFO:colcon.colcon_core.shell:Creating environment hook '/home/zhu/rm2024/RC_October/install/qr_identify/share/qr_identify/hook/ament_prefix_path.ps1'
[0.340s] INFO:colcon.colcon_core.shell:Creating environment descriptor '/home/zhu/rm2024/RC_October/install/qr_identify/share/qr_identify/hook/ament_prefix_path.dsv'
[0.341s] INFO:colcon.colcon_core.shell:Creating environment hook '/home/zhu/rm2024/RC_October/install/qr_identify/share/qr_identify/hook/ament_prefix_path.sh'
[0.341s] INFO:colcon.colcon_core.shell:Skip shell extension 'powershell' for command environment: Not usable outside of PowerShell
[0.341s] DEBUG:colcon.colcon_core.shell:Skip shell extension 'dsv' for command environment
[0.343s] INFO:colcon.colcon_ros.task.ament_cmake.build:Building ROS package in '/home/zhu/rm2024/RC_October/src/raw_image' with build type 'ament_cmake'
[0.343s] INFO:colcon.colcon_cmake.task.cmake.build:Building CMake package in '/home/zhu/rm2024/RC_October/src/raw_image'
[0.344s] INFO:colcon.colcon_core.shell:Skip shell extension 'powershell' for command environment: Not usable outside of PowerShell
[0.344s] DEBUG:colcon.colcon_core.shell:Skip shell extension 'dsv' for command environment
[0.496s] INFO:colcon.colcon_core.task.python.build:Building Python package in '/home/zhu/rm2024/RC_October/src/qr_identify'
[0.496s] INFO:colcon.colcon_core.shell:Skip shell extension 'powershell' for command environment: Not usable outside of PowerShell
[0.496s] DEBUG:colcon.colcon_core.shell:Skip shell extension 'dsv' for command environment
[0.501s] DEBUG:colcon.colcon_core.event_handler.log_command:Invoking command in '/home/zhu/rm2024/RC_October/build/raw_image': CMAKE_PREFIX_PATH=/opt/ros/humble /usr/bin/cmake /home/zhu/rm2024/RC_October/src/raw_image -DCMAKE_INSTALL_PREFIX=/home/zhu/rm2024/RC_October/install/raw_image
[0.859s] DEBUG:colcon.colcon_core.event_handler.log_command:Invoking command in '/home/zhu/rm2024/RC_October/src/qr_identify': PYTHONPATH=/home/zhu/rm2024/RC_October/build/qr_identify/prefix_override:/usr/lib/python3/dist-packages/colcon_core/task/python/colcon_distutils_commands:/home/zhu/rm2024/RC_October/install/qr_identify/lib/python3.10/site-packages:${PYTHONPATH} /usr/bin/python3 -W ignore:setup.py install is deprecated setup.py egg_info --egg-base ../../build/qr_identify build --build-base /home/zhu/rm2024/RC_October/build/qr_identify/build install --record /home/zhu/rm2024/RC_October/build/qr_identify/install.log --single-version-externally-managed install_data
[1.028s] DEBUG:colcon.colcon_core.event_handler.log_command:Invoked command in '/home/zhu/rm2024/RC_October/src/qr_identify' returned '0': PYTHONPATH=/home/zhu/rm2024/RC_October/build/qr_identify/prefix_override:/usr/lib/python3/dist-packages/colcon_core/task/python/colcon_distutils_commands:/home/zhu/rm2024/RC_October/install/qr_identify/lib/python3.10/site-packages:${PYTHONPATH} /usr/bin/python3 -W ignore:setup.py install is deprecated setup.py egg_info --egg-base ../../build/qr_identify build --build-base /home/zhu/rm2024/RC_October/build/qr_identify/build install --record /home/zhu/rm2024/RC_October/build/qr_identify/install.log --single-version-externally-managed install_data
[1.033s] Level 1:colcon.colcon_core.environment:checking '/home/zhu/rm2024/RC_October/install/qr_identify' for CMake module files
[1.033s] Level 1:colcon.colcon_core.environment:checking '/home/zhu/rm2024/RC_October/install/qr_identify' for CMake config files
[1.033s] Level 1:colcon.colcon_core.environment:checking '/home/zhu/rm2024/RC_October/install/qr_identify/lib'
[1.034s] Level 1:colcon.colcon_core.environment:checking '/home/zhu/rm2024/RC_October/install/qr_identify/bin'
[1.034s] Level 1:colcon.colcon_core.environment:checking '/home/zhu/rm2024/RC_October/install/qr_identify/lib/pkgconfig/qr_identify.pc'
[1.034s] Level 1:colcon.colcon_core.environment:checking '/home/zhu/rm2024/RC_October/install/qr_identify/lib/python3.10/site-packages'
[1.034s] Level 1:colcon.colcon_core.shell:create_environment_hook('qr_identify', 'pythonpath')
[1.034s] INFO:colcon.colcon_core.shell:Creating environment hook '/home/zhu/rm2024/RC_October/install/qr_identify/share/qr_identify/hook/pythonpath.ps1'
[1.034s] INFO:colcon.colcon_core.shell:Creating environment descriptor '/home/zhu/rm2024/RC_October/install/qr_identify/share/qr_identify/hook/pythonpath.dsv'
[1.034s] INFO:colcon.colcon_core.shell:Creating environment hook '/home/zhu/rm2024/RC_October/install/qr_identify/share/qr_identify/hook/pythonpath.sh'
[1.034s] Level 1:colcon.colcon_core.environment:checking '/home/zhu/rm2024/RC_October/install/qr_identify/bin'
[1.035s] Level 1:colcon.colcon_core.environment:create_environment_scripts_only(qr_identify)
[1.035s] INFO:colcon.colcon_core.shell:Creating package script '/home/zhu/rm2024/RC_October/install/qr_identify/share/qr_identify/package.ps1'
[1.035s] INFO:colcon.colcon_core.shell:Creating package descriptor '/home/zhu/rm2024/RC_October/install/qr_identify/share/qr_identify/package.dsv'
[1.036s] INFO:colcon.colcon_core.shell:Creating package script '/home/zhu/rm2024/RC_October/install/qr_identify/share/qr_identify/package.sh'
[1.036s] INFO:colcon.colcon_core.shell:Creating package script '/home/zhu/rm2024/RC_October/install/qr_identify/share/qr_identify/package.bash'
[1.037s] INFO:colcon.colcon_core.shell:Creating package script '/home/zhu/rm2024/RC_October/install/qr_identify/share/qr_identify/package.zsh'
[1.038s] Level 1:colcon.colcon_core.environment:create_file_with_runtime_dependencies(/home/zhu/rm2024/RC_October/install/qr_identify/share/colcon-core/packages/qr_identify)
[1.571s] DEBUG:colcon.colcon_core.event_handler.log_command:Invoked command in '/home/zhu/rm2024/RC_October/build/raw_image' returned '0': CMAKE_PREFIX_PATH=/opt/ros/humble /usr/bin/cmake /home/zhu/rm2024/RC_October/src/raw_image -DCMAKE_INSTALL_PREFIX=/home/zhu/rm2024/RC_October/install/raw_image
[1.571s] DEBUG:colcon.colcon_core.event_handler.log_command:Invoking command in '/home/zhu/rm2024/RC_October/build/raw_image': CMAKE_PREFIX_PATH=/opt/ros/humble /usr/bin/cmake --build /home/zhu/rm2024/RC_October/build/raw_image -- -j32 -l32
[5.070s] DEBUG:colcon.colcon_core.event_handler.log_command:Invoked command in '/home/zhu/rm2024/RC_October/build/raw_image' returned '2': CMAKE_PREFIX_PATH=/opt/ros/humble /usr/bin/cmake --build /home/zhu/rm2024/RC_October/build/raw_image -- -j32 -l32
[5.088s] Level 1:colcon.colcon_core.environment:create_environment_scripts_only(raw_image)
[5.088s] Level 1:colcon.colcon_core.environment:checking '/home/zhu/rm2024/RC_October/install/raw_image' for CMake module files
[5.088s] Level 1:colcon.colcon_core.environment:checking '/home/zhu/rm2024/RC_October/install/raw_image' for CMake config files
[5.089s] Level 1:colcon.colcon_core.environment:checking '/home/zhu/rm2024/RC_October/install/raw_image/bin'
[5.089s] Level 1:colcon.colcon_core.environment:checking '/home/zhu/rm2024/RC_October/install/raw_image/lib/pkgconfig/raw_image.pc'
[5.089s] Level 1:colcon.colcon_core.environment:checking '/home/zhu/rm2024/RC_October/install/raw_image/lib/python3.10/site-packages'
[5.089s] Level 1:colcon.colcon_core.environment:checking '/home/zhu/rm2024/RC_October/install/raw_image/bin'
[5.089s] INFO:colcon.colcon_core.shell:Creating package script '/home/zhu/rm2024/RC_October/install/raw_image/share/raw_image/package.ps1'
[5.089s] INFO:colcon.colcon_core.shell:Creating package descriptor '/home/zhu/rm2024/RC_October/install/raw_image/share/raw_image/package.dsv'
[5.090s] INFO:colcon.colcon_core.shell:Creating package script '/home/zhu/rm2024/RC_October/install/raw_image/share/raw_image/package.sh'
[5.090s] INFO:colcon.colcon_core.shell:Creating package script '/home/zhu/rm2024/RC_October/install/raw_image/share/raw_image/package.bash'
[5.090s] INFO:colcon.colcon_core.shell:Creating package script '/home/zhu/rm2024/RC_October/install/raw_image/share/raw_image/package.zsh'
[5.090s] Level 1:colcon.colcon_core.environment:create_file_with_runtime_dependencies(/home/zhu/rm2024/RC_October/install/raw_image/share/colcon-core/packages/raw_image)
[5.101s] DEBUG:colcon.colcon_parallel_executor.executor.parallel:closing loop
[5.101s] DEBUG:colcon.colcon_parallel_executor.executor.parallel:loop closed
[5.101s] DEBUG:colcon.colcon_parallel_executor.executor.parallel:run_until_complete finished with '2'
[5.101s] DEBUG:colcon.colcon_core.event_reactor:joining thread
[5.110s] INFO:colcon.colcon_core.plugin_system:Skipping extension 'colcon_notification.desktop_notification.terminal_notifier': Not used on non-Darwin systems
[5.110s] INFO:colcon.colcon_core.plugin_system:Skipping extension 'colcon_notification.desktop_notification.win32': Not used on non-Windows systems
[5.110s] INFO:colcon.colcon_notification.desktop_notification:Sending desktop notification using 'notify2'
[5.128s] DEBUG:colcon.colcon_core.event_reactor:joined thread
[5.128s] INFO:colcon.colcon_core.shell:Creating prefix script '/home/zhu/rm2024/RC_October/install/local_setup.ps1'
[5.129s] INFO:colcon.colcon_core.shell:Creating prefix util module '/home/zhu/rm2024/RC_October/install/_local_setup_util_ps1.py'
[5.130s] INFO:colcon.colcon_core.shell:Creating prefix chain script '/home/zhu/rm2024/RC_October/install/setup.ps1'
[5.130s] INFO:colcon.colcon_core.shell:Creating prefix script '/home/zhu/rm2024/RC_October/install/local_setup.sh'
[5.131s] INFO:colcon.colcon_core.shell:Creating prefix util module '/home/zhu/rm2024/RC_October/install/_local_setup_util_sh.py'
[5.131s] INFO:colcon.colcon_core.shell:Creating prefix chain script '/home/zhu/rm2024/RC_October/install/setup.sh'
[5.131s] INFO:colcon.colcon_core.shell:Creating prefix script '/home/zhu/rm2024/RC_October/install/local_setup.bash'
[5.132s] INFO:colcon.colcon_core.shell:Creating prefix chain script '/home/zhu/rm2024/RC_October/install/setup.bash'
[5.132s] INFO:colcon.colcon_core.shell:Creating prefix script '/home/zhu/rm2024/RC_October/install/local_setup.zsh'
[5.133s] INFO:colcon.colcon_core.shell:Creating prefix chain script '/home/zhu/rm2024/RC_October/install/setup.zsh'
