[0.157s] Invoking command in '/home/zhu/rm2024/RC_October/build/raw_image': CMAKE_PREFIX_PATH=/opt/ros/humble /usr/bin/cmake /home/zhu/rm2024/RC_October/src/raw_image -DCMAKE_INSTALL_PREFIX=/home/zhu/rm2024/RC_October/install/raw_image
[0.251s] -- The C compiler identification is GNU 11.4.0
[0.289s] -- The CXX compiler identification is GNU 11.4.0
[0.297s] -- Detecting C compiler ABI info
[0.341s] -- Detecting C compiler ABI info - done
[0.346s] -- Check for working C compiler: /usr/bin/cc - skipped
[0.346s] -- Detecting C compile features
[0.347s] -- Detecting C compile features - done
[0.350s] -- Detecting CXX compiler ABI info
[0.416s] -- Detecting CXX compiler ABI info - done
[0.421s] -- Check for working CXX compiler: /usr/bin/c++ - skipped
[0.422s] -- Detecting CXX compile features
[0.422s] -- Detecting CXX compile features - done
[0.423s] -- Found ament_cmake_auto: 1.3.9 (/opt/ros/humble/share/ament_cmake_auto/cmake)
[0.522s] -- Found Python3: /usr/bin/python3 (found version "3.10.12") found components: Interpreter 
[0.582s] -- Found OpenCV: /usr/local (found version "4.9.0") 
[0.582s] -- Found cv_bridge: 3.2.1 (/opt/ros/humble/share/cv_bridge/cmake)
[0.608s] -- Found rosidl_generator_c: 3.1.5 (/opt/ros/humble/share/rosidl_generator_c/cmake)
[0.612s] -- Found rosidl_adapter: 3.1.5 (/opt/ros/humble/share/rosidl_adapter/cmake)
[0.617s] -- Found rosidl_generator_cpp: 3.1.5 (/opt/ros/humble/share/rosidl_generator_cpp/cmake)
[0.626s] -- Using all available rosidl_typesupport_c: rosidl_typesupport_fastrtps_c;rosidl_typesupport_introspection_c
[0.639s] -- Using all available rosidl_typesupport_cpp: rosidl_typesupport_fastrtps_cpp;rosidl_typesupport_introspection_cpp
[0.787s] -- Found rclcpp: 16.0.9 (/opt/ros/humble/share/rclcpp/cmake)
[0.828s] -- Found rmw_implementation_cmake: 6.1.2 (/opt/ros/humble/share/rmw_implementation_cmake/cmake)
[0.829s] -- Found rmw_fastrtps_cpp: 6.2.6 (/opt/ros/humble/share/rmw_fastrtps_cpp/cmake)
[0.901s] -- Found OpenSSL: /usr/lib/x86_64-linux-gnu/libcrypto.so (found version "3.0.2")  
[0.923s] -- Found FastRTPS: /opt/ros/humble/include  
[0.955s] -- Using RMW implementation 'rmw_fastrtps_cpp' as default
[0.962s] -- Looking for pthread.h
[1.011s] -- Looking for pthread.h - found
[1.011s] -- Performing Test CMAKE_HAVE_LIBC_PTHREAD
[1.061s] -- Performing Test CMAKE_HAVE_LIBC_PTHREAD - Success
[1.062s] -- Found Threads: TRUE  
[1.193s] -- Found ament_lint_auto: 0.12.11 (/opt/ros/humble/share/ament_lint_auto/cmake)
[1.205s] -- Added test 'cppcheck' to perform static code analysis on C / C++ code
[1.205s] -- Configured cppcheck include dirs: /home/zhu/rm2024/RC_October/src/raw_image/include
[1.205s] -- Configured cppcheck exclude dirs and/or files: 
[1.206s] -- Added test 'lint_cmake' to check CMake code style
[1.209s] -- Added test 'uncrustify' to check C / C++ code style
[1.210s] -- Configured uncrustify additional arguments: 
[1.210s] -- Added test 'xmllint' to check XML markup files
[1.212s] -- Configuring done
[1.219s] -- Generating done
[1.220s] -- Build files have been written to: /home/zhu/rm2024/RC_October/build/raw_image
[1.227s] Invoked command in '/home/zhu/rm2024/RC_October/build/raw_image' returned '0': CMAKE_PREFIX_PATH=/opt/ros/humble /usr/bin/cmake /home/zhu/rm2024/RC_October/src/raw_image -DCMAKE_INSTALL_PREFIX=/home/zhu/rm2024/RC_October/install/raw_image
[1.228s] Invoking command in '/home/zhu/rm2024/RC_October/build/raw_image': CMAKE_PREFIX_PATH=/opt/ros/humble /usr/bin/cmake --build /home/zhu/rm2024/RC_October/build/raw_image -- -j32 -l32
[1.260s] [ 33%] [32mBuilding CXX object CMakeFiles/raw_image_node.dir/src/raw_image_node.cpp.o[0m
[1.260s] [ 66%] [32mBuilding CXX object CMakeFiles/raw_image_node.dir/src/raw_image.cpp.o[0m
[4.646s] [100%] [32m[1mLinking CXX executable raw_image_node[0m
[4.674s] /usr/bin/ld: 找不到 -lsensor_msgs: 没有那个文件或目录
[4.722s] collect2: error: ld returned 1 exit status
[4.723s] gmake[2]: *** [CMakeFiles/raw_image_node.dir/build.make:248：raw_image_node] 错误 1
[4.723s] gmake[1]: *** [CMakeFiles/Makefile2:137：CMakeFiles/raw_image_node.dir/all] 错误 2
[4.724s] gmake: *** [Makefile:146：all] 错误 2
[4.726s] Invoked command in '/home/zhu/rm2024/RC_October/build/raw_image' returned '2': CMAKE_PREFIX_PATH=/opt/ros/humble /usr/bin/cmake --build /home/zhu/rm2024/RC_October/build/raw_image -- -j32 -l32
