[0.126s] DEBUG:colcon:Command line arguments: ['/usr/bin/colcon', 'build']
[0.126s] DEBUG:colcon:Parsed command line arguments: Namespace(log_base=None, log_level=None, verb_name='build', build_base='build', install_base='install', merge_install=False, symlink_install=False, test_result_base=None, continue_on_error=False, executor='parallel', parallel_workers=32, event_handlers=None, ignore_user_meta=False, metas=['./colcon.meta'], base_paths=['.'], packages_ignore=None, packages_ignore_regex=None, paths=None, packages_up_to=None, packages_up_to_regex=None, packages_above=None, packages_above_and_dependencies=None, packages_above_depth=None, packages_select_by_dep=None, packages_skip_by_dep=None, packages_skip_up_to=None, packages_select_build_failed=False, packages_skip_build_finished=False, packages_select_test_failures=False, packages_skip_test_passed=False, packages_select=None, packages_skip=None, packages_select_regex=None, packages_skip_regex=None, packages_start=None, packages_end=None, allow_overriding=[], cmake_args=None, cmake_target=None, cmake_target_skip_unavailable=False, cmake_clean_cache=False, cmake_clean_first=False, cmake_force_configure=False, ament_cmake_args=None, catkin_cmake_args=None, catkin_skip_building_tests=False, verb_parser=<colcon_defaults.argument_parser.defaults.DefaultArgumentsDecorator object at 0x74913e8213f0>, verb_extension=<colcon_core.verb.build.BuildVerb object at 0x74913e820ac0>, main=<bound method BuildVerb.main of <colcon_core.verb.build.BuildVerb object at 0x74913e820ac0>>)
[0.238s] Level 1:colcon.colcon_core.package_discovery:discover_packages(colcon_meta) check parameters
[0.239s] Level 1:colcon.colcon_core.package_discovery:discover_packages(recursive) check parameters
[0.239s] Level 1:colcon.colcon_core.package_discovery:discover_packages(ignore) check parameters
[0.239s] Level 1:colcon.colcon_core.package_discovery:discover_packages(path) check parameters
[0.239s] Level 1:colcon.colcon_core.package_discovery:discover_packages(colcon_meta) discover
[0.239s] Level 1:colcon.colcon_core.package_discovery:discover_packages(recursive) discover
[0.239s] INFO:colcon.colcon_core.package_discovery:Crawling recursively for packages in '/home/zhu/rm2024/RC_October'
[0.239s] Level 1:colcon.colcon_core.package_identification:_identify(.) by extensions ['ignore', 'ignore_ament_install']
[0.239s] Level 1:colcon.colcon_core.package_identification:_identify(.) by extension 'ignore'
[0.239s] Level 1:colcon.colcon_core.package_identification:_identify(.) by extension 'ignore_ament_install'
[0.239s] Level 1:colcon.colcon_core.package_identification:_identify(.) by extensions ['colcon_pkg']
[0.239s] Level 1:colcon.colcon_core.package_identification:_identify(.) by extension 'colcon_pkg'
[0.239s] Level 1:colcon.colcon_core.package_identification:_identify(.) by extensions ['colcon_meta']
[0.239s] Level 1:colcon.colcon_core.package_identification:_identify(.) by extension 'colcon_meta'
[0.239s] Level 1:colcon.colcon_core.package_identification:_identify(.) by extensions ['ros']
[0.239s] Level 1:colcon.colcon_core.package_identification:_identify(.) by extension 'ros'
[0.249s] Level 1:colcon.colcon_core.package_identification:_identify(.) by extensions ['cmake', 'python']
[0.249s] Level 1:colcon.colcon_core.package_identification:_identify(.) by extension 'cmake'
[0.249s] Level 1:colcon.colcon_core.package_identification:_identify(.) by extension 'python'
[0.249s] Level 1:colcon.colcon_core.package_identification:_identify(.) by extensions ['python_setup_py']
[0.249s] Level 1:colcon.colcon_core.package_identification:_identify(.) by extension 'python_setup_py'
[0.249s] Level 1:colcon.colcon_core.package_identification:_identify(build) by extensions ['ignore', 'ignore_ament_install']
[0.249s] Level 1:colcon.colcon_core.package_identification:_identify(build) by extension 'ignore'
[0.249s] Level 1:colcon.colcon_core.package_identification:_identify(build) ignored
[0.249s] Level 1:colcon.colcon_core.package_identification:_identify(install) by extensions ['ignore', 'ignore_ament_install']
[0.249s] Level 1:colcon.colcon_core.package_identification:_identify(install) by extension 'ignore'
[0.249s] Level 1:colcon.colcon_core.package_identification:_identify(install) ignored
[0.249s] Level 1:colcon.colcon_core.package_identification:_identify(log) by extensions ['ignore', 'ignore_ament_install']
[0.249s] Level 1:colcon.colcon_core.package_identification:_identify(log) by extension 'ignore'
[0.249s] Level 1:colcon.colcon_core.package_identification:_identify(log) ignored
[0.249s] Level 1:colcon.colcon_core.package_identification:_identify(src) by extensions ['ignore', 'ignore_ament_install']
[0.249s] Level 1:colcon.colcon_core.package_identification:_identify(src) by extension 'ignore'
[0.250s] Level 1:colcon.colcon_core.package_identification:_identify(src) by extension 'ignore_ament_install'
[0.250s] Level 1:colcon.colcon_core.package_identification:_identify(src) by extensions ['colcon_pkg']
[0.250s] Level 1:colcon.colcon_core.package_identification:_identify(src) by extension 'colcon_pkg'
[0.250s] Level 1:colcon.colcon_core.package_identification:_identify(src) by extensions ['colcon_meta']
[0.250s] Level 1:colcon.colcon_core.package_identification:_identify(src) by extension 'colcon_meta'
[0.250s] Level 1:colcon.colcon_core.package_identification:_identify(src) by extensions ['ros']
[0.250s] Level 1:colcon.colcon_core.package_identification:_identify(src) by extension 'ros'
[0.250s] Level 1:colcon.colcon_core.package_identification:_identify(src) by extensions ['cmake', 'python']
[0.250s] Level 1:colcon.colcon_core.package_identification:_identify(src) by extension 'cmake'
[0.250s] Level 1:colcon.colcon_core.package_identification:_identify(src) by extension 'python'
[0.250s] Level 1:colcon.colcon_core.package_identification:_identify(src) by extensions ['python_setup_py']
[0.250s] Level 1:colcon.colcon_core.package_identification:_identify(src) by extension 'python_setup_py'
[0.250s] Level 1:colcon.colcon_core.package_identification:_identify(src/QR) by extensions ['ignore', 'ignore_ament_install']
[0.250s] Level 1:colcon.colcon_core.package_identification:_identify(src/QR) by extension 'ignore'
[0.250s] Level 1:colcon.colcon_core.package_identification:_identify(src/QR) by extension 'ignore_ament_install'
[0.250s] Level 1:colcon.colcon_core.package_identification:_identify(src/QR) by extensions ['colcon_pkg']
[0.250s] Level 1:colcon.colcon_core.package_identification:_identify(src/QR) by extension 'colcon_pkg'
[0.250s] Level 1:colcon.colcon_core.package_identification:_identify(src/QR) by extensions ['colcon_meta']
[0.250s] Level 1:colcon.colcon_core.package_identification:_identify(src/QR) by extension 'colcon_meta'
[0.250s] Level 1:colcon.colcon_core.package_identification:_identify(src/QR) by extensions ['ros']
[0.250s] Level 1:colcon.colcon_core.package_identification:_identify(src/QR) by extension 'ros'
[0.250s] Level 1:colcon.colcon_core.package_identification:_identify(src/QR) by extensions ['cmake', 'python']
[0.250s] Level 1:colcon.colcon_core.package_identification:_identify(src/QR) by extension 'cmake'
[0.250s] Level 1:colcon.colcon_core.package_identification:_identify(src/QR) by extension 'python'
[0.250s] Level 1:colcon.colcon_core.package_identification:_identify(src/QR) by extensions ['python_setup_py']
[0.250s] Level 1:colcon.colcon_core.package_identification:_identify(src/QR) by extension 'python_setup_py'
[0.250s] Level 1:colcon.colcon_core.package_identification:_identify(src/qr_identify) by extensions ['ignore', 'ignore_ament_install']
[0.250s] Level 1:colcon.colcon_core.package_identification:_identify(src/qr_identify) by extension 'ignore'
[0.250s] Level 1:colcon.colcon_core.package_identification:_identify(src/qr_identify) by extension 'ignore_ament_install'
[0.250s] Level 1:colcon.colcon_core.package_identification:_identify(src/qr_identify) by extensions ['colcon_pkg']
[0.250s] Level 1:colcon.colcon_core.package_identification:_identify(src/qr_identify) by extension 'colcon_pkg'
[0.250s] Level 1:colcon.colcon_core.package_identification:_identify(src/qr_identify) by extensions ['colcon_meta']
[0.250s] Level 1:colcon.colcon_core.package_identification:_identify(src/qr_identify) by extension 'colcon_meta'
[0.250s] Level 1:colcon.colcon_core.package_identification:_identify(src/qr_identify) by extensions ['ros']
[0.250s] Level 1:colcon.colcon_core.package_identification:_identify(src/qr_identify) by extension 'ros'
[0.253s] DEBUG:colcon.colcon_core.package_identification:Package 'src/qr_identify' with type 'ros.ament_python' and name 'qr_identify'
[0.253s] Level 1:colcon.colcon_core.package_identification:_identify(src/raw_image) by extensions ['ignore', 'ignore_ament_install']
[0.253s] Level 1:colcon.colcon_core.package_identification:_identify(src/raw_image) by extension 'ignore'
[0.253s] Level 1:colcon.colcon_core.package_identification:_identify(src/raw_image) by extension 'ignore_ament_install'
[0.253s] Level 1:colcon.colcon_core.package_identification:_identify(src/raw_image) by extensions ['colcon_pkg']
[0.253s] Level 1:colcon.colcon_core.package_identification:_identify(src/raw_image) by extension 'colcon_pkg'
[0.253s] Level 1:colcon.colcon_core.package_identification:_identify(src/raw_image) by extensions ['colcon_meta']
[0.253s] Level 1:colcon.colcon_core.package_identification:_identify(src/raw_image) by extension 'colcon_meta'
[0.253s] Level 1:colcon.colcon_core.package_identification:_identify(src/raw_image) by extensions ['ros']
[0.253s] Level 1:colcon.colcon_core.package_identification:_identify(src/raw_image) by extension 'ros'
[0.254s] DEBUG:colcon.colcon_core.package_identification:Package 'src/raw_image' with type 'ros.ament_cmake' and name 'raw_image'
[0.254s] Level 1:colcon.colcon_core.package_discovery:discover_packages(recursive) using defaults
[0.254s] Level 1:colcon.colcon_core.package_discovery:discover_packages(ignore) discover
[0.254s] Level 1:colcon.colcon_core.package_discovery:discover_packages(ignore) using defaults
[0.254s] Level 1:colcon.colcon_core.package_discovery:discover_packages(path) discover
[0.254s] Level 1:colcon.colcon_core.package_discovery:discover_packages(path) using defaults
[0.272s] Level 1:colcon.colcon_core.package_discovery:discover_packages(prefix_path) check parameters
[0.272s] Level 1:colcon.colcon_core.package_discovery:discover_packages(prefix_path) discover
[0.275s] DEBUG:colcon.colcon_installed_package_information.package_discovery:Found 349 installed packages in /opt/ros/humble
[0.276s] Level 1:colcon.colcon_core.package_discovery:discover_packages(prefix_path) using defaults
[0.307s] Level 5:colcon.colcon_core.verb:set package 'qr_identify' build argument 'cmake_args' from command line to 'None'
[0.307s] Level 5:colcon.colcon_core.verb:set package 'qr_identify' build argument 'cmake_target' from command line to 'None'
[0.307s] Level 5:colcon.colcon_core.verb:set package 'qr_identify' build argument 'cmake_target_skip_unavailable' from command line to 'False'
[0.307s] Level 5:colcon.colcon_core.verb:set package 'qr_identify' build argument 'cmake_clean_cache' from command line to 'False'
[0.307s] Level 5:colcon.colcon_core.verb:set package 'qr_identify' build argument 'cmake_clean_first' from command line to 'False'
[0.307s] Level 5:colcon.colcon_core.verb:set package 'qr_identify' build argument 'cmake_force_configure' from command line to 'False'
[0.307s] Level 5:colcon.colcon_core.verb:set package 'qr_identify' build argument 'ament_cmake_args' from command line to 'None'
[0.307s] Level 5:colcon.colcon_core.verb:set package 'qr_identify' build argument 'catkin_cmake_args' from command line to 'None'
[0.307s] Level 5:colcon.colcon_core.verb:set package 'qr_identify' build argument 'catkin_skip_building_tests' from command line to 'False'
[0.307s] DEBUG:colcon.colcon_core.verb:Building package 'qr_identify' with the following arguments: {'ament_cmake_args': None, 'build_base': '/home/zhu/rm2024/RC_October/build/qr_identify', 'catkin_cmake_args': None, 'catkin_skip_building_tests': False, 'cmake_args': None, 'cmake_clean_cache': False, 'cmake_clean_first': False, 'cmake_force_configure': False, 'cmake_target': None, 'cmake_target_skip_unavailable': False, 'install_base': '/home/zhu/rm2024/RC_October/install/qr_identify', 'merge_install': False, 'path': '/home/zhu/rm2024/RC_October/src/qr_identify', 'symlink_install': False, 'test_result_base': None}
[0.307s] Level 5:colcon.colcon_core.verb:set package 'raw_image' build argument 'cmake_args' from command line to 'None'
[0.307s] Level 5:colcon.colcon_core.verb:set package 'raw_image' build argument 'cmake_target' from command line to 'None'
[0.307s] Level 5:colcon.colcon_core.verb:set package 'raw_image' build argument 'cmake_target_skip_unavailable' from command line to 'False'
[0.307s] Level 5:colcon.colcon_core.verb:set package 'raw_image' build argument 'cmake_clean_cache' from command line to 'False'
[0.307s] Level 5:colcon.colcon_core.verb:set package 'raw_image' build argument 'cmake_clean_first' from command line to 'False'
[0.307s] Level 5:colcon.colcon_core.verb:set package 'raw_image' build argument 'cmake_force_configure' from command line to 'False'
[0.307s] Level 5:colcon.colcon_core.verb:set package 'raw_image' build argument 'ament_cmake_args' from command line to 'None'
[0.307s] Level 5:colcon.colcon_core.verb:set package 'raw_image' build argument 'catkin_cmake_args' from command line to 'None'
[0.307s] Level 5:colcon.colcon_core.verb:set package 'raw_image' build argument 'catkin_skip_building_tests' from command line to 'False'
[0.307s] DEBUG:colcon.colcon_core.verb:Building package 'raw_image' with the following arguments: {'ament_cmake_args': None, 'build_base': '/home/zhu/rm2024/RC_October/build/raw_image', 'catkin_cmake_args': None, 'catkin_skip_building_tests': False, 'cmake_args': None, 'cmake_clean_cache': False, 'cmake_clean_first': False, 'cmake_force_configure': False, 'cmake_target': None, 'cmake_target_skip_unavailable': False, 'install_base': '/home/zhu/rm2024/RC_October/install/raw_image', 'merge_install': False, 'path': '/home/zhu/rm2024/RC_October/src/raw_image', 'symlink_install': False, 'test_result_base': None}
[0.307s] INFO:colcon.colcon_core.executor:Executing jobs using 'parallel' executor
[0.308s] DEBUG:colcon.colcon_parallel_executor.executor.parallel:run_until_complete
[0.308s] INFO:colcon.colcon_ros.task.ament_python.build:Building ROS package in '/home/zhu/rm2024/RC_October/src/qr_identify' with build type 'ament_python'
[0.308s] Level 1:colcon.colcon_core.shell:create_environment_hook('qr_identify', 'ament_prefix_path')
[0.311s] INFO:colcon.colcon_core.plugin_system:Skipping extension 'colcon_core.shell.bat': Not used on non-Windows systems
[0.311s] INFO:colcon.colcon_core.shell:Creating environment hook '/home/zhu/rm2024/RC_October/install/qr_identify/share/qr_identify/hook/ament_prefix_path.ps1'
[0.312s] INFO:colcon.colcon_core.shell:Creating environment descriptor '/home/zhu/rm2024/RC_October/install/qr_identify/share/qr_identify/hook/ament_prefix_path.dsv'
[0.312s] INFO:colcon.colcon_core.shell:Creating environment hook '/home/zhu/rm2024/RC_October/install/qr_identify/share/qr_identify/hook/ament_prefix_path.sh'
[0.313s] INFO:colcon.colcon_core.shell:Skip shell extension 'powershell' for command environment: Not usable outside of PowerShell
[0.313s] DEBUG:colcon.colcon_core.shell:Skip shell extension 'dsv' for command environment
[0.315s] INFO:colcon.colcon_ros.task.ament_cmake.build:Building ROS package in '/home/zhu/rm2024/RC_October/src/raw_image' with build type 'ament_cmake'
[0.315s] INFO:colcon.colcon_cmake.task.cmake.build:Building CMake package in '/home/zhu/rm2024/RC_October/src/raw_image'
[0.315s] INFO:colcon.colcon_core.shell:Skip shell extension 'powershell' for command environment: Not usable outside of PowerShell
[0.315s] DEBUG:colcon.colcon_core.shell:Skip shell extension 'dsv' for command environment
[0.465s] INFO:colcon.colcon_core.task.python.build:Building Python package in '/home/zhu/rm2024/RC_October/src/qr_identify'
[0.466s] INFO:colcon.colcon_core.shell:Skip shell extension 'powershell' for command environment: Not usable outside of PowerShell
[0.466s] DEBUG:colcon.colcon_core.shell:Skip shell extension 'dsv' for command environment
[0.470s] DEBUG:colcon.colcon_core.event_handler.log_command:Invoking command in '/home/zhu/rm2024/RC_October/build/raw_image': CMAKE_PREFIX_PATH=/opt/ros/humble /usr/bin/cmake --build /home/zhu/rm2024/RC_October/build/raw_image -- -j32 -l32
[0.796s] DEBUG:colcon.colcon_core.event_handler.log_command:Invoking command in '/home/zhu/rm2024/RC_October/src/qr_identify': PYTHONPATH=/home/zhu/rm2024/RC_October/build/qr_identify/prefix_override:/usr/lib/python3/dist-packages/colcon_core/task/python/colcon_distutils_commands:/home/zhu/rm2024/RC_October/install/qr_identify/lib/python3.10/site-packages:${PYTHONPATH} /usr/bin/python3 -W ignore:setup.py install is deprecated setup.py egg_info --egg-base ../../build/qr_identify build --build-base /home/zhu/rm2024/RC_October/build/qr_identify/build install --record /home/zhu/rm2024/RC_October/build/qr_identify/install.log --single-version-externally-managed install_data
[0.971s] DEBUG:colcon.colcon_core.event_handler.log_command:Invoked command in '/home/zhu/rm2024/RC_October/src/qr_identify' returned '0': PYTHONPATH=/home/zhu/rm2024/RC_October/build/qr_identify/prefix_override:/usr/lib/python3/dist-packages/colcon_core/task/python/colcon_distutils_commands:/home/zhu/rm2024/RC_October/install/qr_identify/lib/python3.10/site-packages:${PYTHONPATH} /usr/bin/python3 -W ignore:setup.py install is deprecated setup.py egg_info --egg-base ../../build/qr_identify build --build-base /home/zhu/rm2024/RC_October/build/qr_identify/build install --record /home/zhu/rm2024/RC_October/build/qr_identify/install.log --single-version-externally-managed install_data
[0.974s] Level 1:colcon.colcon_core.environment:checking '/home/zhu/rm2024/RC_October/install/qr_identify' for CMake module files
[0.974s] Level 1:colcon.colcon_core.environment:checking '/home/zhu/rm2024/RC_October/install/qr_identify' for CMake config files
[0.976s] Level 1:colcon.colcon_core.environment:checking '/home/zhu/rm2024/RC_October/install/qr_identify/lib'
[0.976s] Level 1:colcon.colcon_core.environment:checking '/home/zhu/rm2024/RC_October/install/qr_identify/bin'
[0.976s] Level 1:colcon.colcon_core.environment:checking '/home/zhu/rm2024/RC_October/install/qr_identify/lib/pkgconfig/qr_identify.pc'
[0.976s] Level 1:colcon.colcon_core.environment:checking '/home/zhu/rm2024/RC_October/install/qr_identify/lib/python3.10/site-packages'
[0.976s] Level 1:colcon.colcon_core.shell:create_environment_hook('qr_identify', 'pythonpath')
[0.976s] INFO:colcon.colcon_core.shell:Creating environment hook '/home/zhu/rm2024/RC_October/install/qr_identify/share/qr_identify/hook/pythonpath.ps1'
[0.977s] INFO:colcon.colcon_core.shell:Creating environment descriptor '/home/zhu/rm2024/RC_October/install/qr_identify/share/qr_identify/hook/pythonpath.dsv'
[0.977s] INFO:colcon.colcon_core.shell:Creating environment hook '/home/zhu/rm2024/RC_October/install/qr_identify/share/qr_identify/hook/pythonpath.sh'
[0.977s] Level 1:colcon.colcon_core.environment:checking '/home/zhu/rm2024/RC_October/install/qr_identify/bin'
[0.977s] Level 1:colcon.colcon_core.environment:create_environment_scripts_only(qr_identify)
[0.977s] INFO:colcon.colcon_core.shell:Creating package script '/home/zhu/rm2024/RC_October/install/qr_identify/share/qr_identify/package.ps1'
[0.978s] INFO:colcon.colcon_core.shell:Creating package descriptor '/home/zhu/rm2024/RC_October/install/qr_identify/share/qr_identify/package.dsv'
[0.979s] INFO:colcon.colcon_core.shell:Creating package script '/home/zhu/rm2024/RC_October/install/qr_identify/share/qr_identify/package.sh'
[0.979s] INFO:colcon.colcon_core.shell:Creating package script '/home/zhu/rm2024/RC_October/install/qr_identify/share/qr_identify/package.bash'
[0.980s] INFO:colcon.colcon_core.shell:Creating package script '/home/zhu/rm2024/RC_October/install/qr_identify/share/qr_identify/package.zsh'
[0.981s] Level 1:colcon.colcon_core.environment:create_file_with_runtime_dependencies(/home/zhu/rm2024/RC_October/install/qr_identify/share/colcon-core/packages/qr_identify)
[5.075s] DEBUG:colcon.colcon_core.event_handler.log_command:Invoked command in '/home/zhu/rm2024/RC_October/build/raw_image' returned '2': CMAKE_PREFIX_PATH=/opt/ros/humble /usr/bin/cmake --build /home/zhu/rm2024/RC_October/build/raw_image -- -j32 -l32
[5.094s] Level 1:colcon.colcon_core.environment:create_environment_scripts_only(raw_image)
[5.094s] Level 1:colcon.colcon_core.environment:checking '/home/zhu/rm2024/RC_October/install/raw_image' for CMake module files
[5.095s] Level 1:colcon.colcon_core.environment:checking '/home/zhu/rm2024/RC_October/install/raw_image' for CMake config files
[5.095s] Level 1:colcon.colcon_core.environment:checking '/home/zhu/rm2024/RC_October/install/raw_image/bin'
[5.095s] Level 1:colcon.colcon_core.environment:checking '/home/zhu/rm2024/RC_October/install/raw_image/lib/pkgconfig/raw_image.pc'
[5.095s] Level 1:colcon.colcon_core.environment:checking '/home/zhu/rm2024/RC_October/install/raw_image/lib/python3.10/site-packages'
[5.096s] Level 1:colcon.colcon_core.environment:checking '/home/zhu/rm2024/RC_October/install/raw_image/bin'
[5.096s] INFO:colcon.colcon_core.shell:Creating package script '/home/zhu/rm2024/RC_October/install/raw_image/share/raw_image/package.ps1'
[5.096s] INFO:colcon.colcon_core.shell:Creating package descriptor '/home/zhu/rm2024/RC_October/install/raw_image/share/raw_image/package.dsv'
[5.096s] INFO:colcon.colcon_core.shell:Creating package script '/home/zhu/rm2024/RC_October/install/raw_image/share/raw_image/package.sh'
[5.096s] INFO:colcon.colcon_core.shell:Creating package script '/home/zhu/rm2024/RC_October/install/raw_image/share/raw_image/package.bash'
[5.097s] INFO:colcon.colcon_core.shell:Creating package script '/home/zhu/rm2024/RC_October/install/raw_image/share/raw_image/package.zsh'
[5.097s] Level 1:colcon.colcon_core.environment:create_file_with_runtime_dependencies(/home/zhu/rm2024/RC_October/install/raw_image/share/colcon-core/packages/raw_image)
[5.097s] DEBUG:colcon.colcon_parallel_executor.executor.parallel:closing loop
[5.097s] DEBUG:colcon.colcon_parallel_executor.executor.parallel:loop closed
[5.097s] DEBUG:colcon.colcon_parallel_executor.executor.parallel:run_until_complete finished with '2'
[5.098s] DEBUG:colcon.colcon_core.event_reactor:joining thread
[5.105s] INFO:colcon.colcon_core.plugin_system:Skipping extension 'colcon_notification.desktop_notification.terminal_notifier': Not used on non-Darwin systems
[5.105s] INFO:colcon.colcon_core.plugin_system:Skipping extension 'colcon_notification.desktop_notification.win32': Not used on non-Windows systems
[5.105s] INFO:colcon.colcon_notification.desktop_notification:Sending desktop notification using 'notify2'
[5.181s] DEBUG:colcon.colcon_core.event_reactor:joined thread
[5.182s] INFO:colcon.colcon_core.shell:Creating prefix script '/home/zhu/rm2024/RC_October/install/local_setup.ps1'
[5.182s] INFO:colcon.colcon_core.shell:Creating prefix util module '/home/zhu/rm2024/RC_October/install/_local_setup_util_ps1.py'
[5.184s] INFO:colcon.colcon_core.shell:Creating prefix chain script '/home/zhu/rm2024/RC_October/install/setup.ps1'
[5.185s] INFO:colcon.colcon_core.shell:Creating prefix script '/home/zhu/rm2024/RC_October/install/local_setup.sh'
[5.185s] INFO:colcon.colcon_core.shell:Creating prefix util module '/home/zhu/rm2024/RC_October/install/_local_setup_util_sh.py'
[5.186s] INFO:colcon.colcon_core.shell:Creating prefix chain script '/home/zhu/rm2024/RC_October/install/setup.sh'
[5.187s] INFO:colcon.colcon_core.shell:Creating prefix script '/home/zhu/rm2024/RC_October/install/local_setup.bash'
[5.187s] INFO:colcon.colcon_core.shell:Creating prefix chain script '/home/zhu/rm2024/RC_October/install/setup.bash'
[5.188s] INFO:colcon.colcon_core.shell:Creating prefix script '/home/zhu/rm2024/RC_October/install/local_setup.zsh'
[5.189s] INFO:colcon.colcon_core.shell:Creating prefix chain script '/home/zhu/rm2024/RC_October/install/setup.zsh'
