running egg_info
creating ../../build/qr_identify/qr_identify.egg-info
writing ../../build/qr_identify/qr_identify.egg-info/PKG-INFO
writing dependency_links to ../../build/qr_identify/qr_identify.egg-info/dependency_links.txt
writing entry points to ../../build/qr_identify/qr_identify.egg-info/entry_points.txt
writing requirements to ../../build/qr_identify/qr_identify.egg-info/requires.txt
writing top-level names to ../../build/qr_identify/qr_identify.egg-info/top_level.txt
writing manifest file '../../build/qr_identify/qr_identify.egg-info/SOURCES.txt'
reading manifest file '../../build/qr_identify/qr_identify.egg-info/SOURCES.txt'
adding license file 'LICENSE'
writing manifest file '../../build/qr_identify/qr_identify.egg-info/SOURCES.txt'
running build
running build_py
creating /home/zhu/rm2024/RC_October/build/qr_identify/build
creating /home/zhu/rm2024/RC_October/build/qr_identify/build/lib
creating /home/zhu/rm2024/RC_October/build/qr_identify/build/lib/qr_identify
copying qr_identify/QR.py -> /home/zhu/rm2024/RC_October/build/qr_identify/build/lib/qr_identify
copying qr_identify/__init__.py -> /home/zhu/rm2024/RC_October/build/qr_identify/build/lib/qr_identify
running install
running install_lib
creating /home/zhu/rm2024/RC_October/install/qr_identify/lib/python3.10/site-packages/qr_identify
copying /home/zhu/rm2024/RC_October/build/qr_identify/build/lib/qr_identify/QR.py -> /home/zhu/rm2024/RC_October/install/qr_identify/lib/python3.10/site-packages/qr_identify
copying /home/zhu/rm2024/RC_October/build/qr_identify/build/lib/qr_identify/__init__.py -> /home/zhu/rm2024/RC_October/install/qr_identify/lib/python3.10/site-packages/qr_identify
byte-compiling /home/zhu/rm2024/RC_October/install/qr_identify/lib/python3.10/site-packages/qr_identify/QR.py to QR.cpython-310.pyc
byte-compiling /home/zhu/rm2024/RC_October/install/qr_identify/lib/python3.10/site-packages/qr_identify/__init__.py to __init__.cpython-310.pyc
running install_data
creating /home/zhu/rm2024/RC_October/install/qr_identify/share/ament_index
creating /home/zhu/rm2024/RC_October/install/qr_identify/share/ament_index/resource_index
creating /home/zhu/rm2024/RC_October/install/qr_identify/share/ament_index/resource_index/packages
copying resource/qr_identify -> /home/zhu/rm2024/RC_October/install/qr_identify/share/ament_index/resource_index/packages
copying package.xml -> /home/zhu/rm2024/RC_October/install/qr_identify/share/qr_identify
running install_egg_info
Copying ../../build/qr_identify/qr_identify.egg-info to /home/zhu/rm2024/RC_October/install/qr_identify/lib/python3.10/site-packages/qr_identify-0.0.0-py3.10.egg-info
running install_scripts
Installing QR script to /home/zhu/rm2024/RC_October/install/qr_identify/lib/qr_identify
writing list of installed files to '/home/zhu/rm2024/RC_October/build/qr_identify/install.log'
