[0.523s] Invoking command in '/home/zhu/rm2024/RC_October/src/qr_identify': PYTHONPATH=/home/zhu/rm2024/RC_October/build/qr_identify/prefix_override:/usr/lib/python3/dist-packages/colcon_core/task/python/colcon_distutils_commands:/home/zhu/rm2024/RC_October/install/qr_identify/lib/python3.10/site-packages:${PYTHONPATH} /usr/bin/python3 -W ignore:setup.py install is deprecated setup.py egg_info --egg-base ../../build/qr_identify build --build-base /home/zhu/rm2024/RC_October/build/qr_identify/build install --record /home/zhu/rm2024/RC_October/build/qr_identify/install.log --single-version-externally-managed install_data
[0.661s] running egg_info
[0.661s] creating ../../build/qr_identify/qr_identify.egg-info
[0.661s] writing ../../build/qr_identify/qr_identify.egg-info/PKG-INFO
[0.661s] writing dependency_links to ../../build/qr_identify/qr_identify.egg-info/dependency_links.txt
[0.661s] writing entry points to ../../build/qr_identify/qr_identify.egg-info/entry_points.txt
[0.661s] writing requirements to ../../build/qr_identify/qr_identify.egg-info/requires.txt
[0.661s] writing top-level names to ../../build/qr_identify/qr_identify.egg-info/top_level.txt
[0.661s] writing manifest file '../../build/qr_identify/qr_identify.egg-info/SOURCES.txt'
[0.662s] reading manifest file '../../build/qr_identify/qr_identify.egg-info/SOURCES.txt'
[0.662s] adding license file 'LICENSE'
[0.662s] writing manifest file '../../build/qr_identify/qr_identify.egg-info/SOURCES.txt'
[0.663s] running build
[0.663s] running build_py
[0.663s] creating /home/zhu/rm2024/RC_October/build/qr_identify/build
[0.663s] creating /home/zhu/rm2024/RC_October/build/qr_identify/build/lib
[0.663s] creating /home/zhu/rm2024/RC_October/build/qr_identify/build/lib/qr_identify
[0.663s] copying qr_identify/QR.py -> /home/zhu/rm2024/RC_October/build/qr_identify/build/lib/qr_identify
[0.663s] copying qr_identify/__init__.py -> /home/zhu/rm2024/RC_October/build/qr_identify/build/lib/qr_identify
[0.663s] running install
[0.664s] running install_lib
[0.664s] creating /home/zhu/rm2024/RC_October/install/qr_identify/lib/python3.10/site-packages/qr_identify
[0.664s] copying /home/zhu/rm2024/RC_October/build/qr_identify/build/lib/qr_identify/QR.py -> /home/zhu/rm2024/RC_October/install/qr_identify/lib/python3.10/site-packages/qr_identify
[0.664s] copying /home/zhu/rm2024/RC_October/build/qr_identify/build/lib/qr_identify/__init__.py -> /home/zhu/rm2024/RC_October/install/qr_identify/lib/python3.10/site-packages/qr_identify
[0.664s] byte-compiling /home/zhu/rm2024/RC_October/install/qr_identify/lib/python3.10/site-packages/qr_identify/QR.py to QR.cpython-310.pyc
[0.665s] byte-compiling /home/zhu/rm2024/RC_October/install/qr_identify/lib/python3.10/site-packages/qr_identify/__init__.py to __init__.cpython-310.pyc
[0.665s] running install_data
[0.665s] creating /home/zhu/rm2024/RC_October/install/qr_identify/share/ament_index
[0.665s] creating /home/zhu/rm2024/RC_October/install/qr_identify/share/ament_index/resource_index
[0.665s] creating /home/zhu/rm2024/RC_October/install/qr_identify/share/ament_index/resource_index/packages
[0.665s] copying resource/qr_identify -> /home/zhu/rm2024/RC_October/install/qr_identify/share/ament_index/resource_index/packages
[0.665s] copying package.xml -> /home/zhu/rm2024/RC_October/install/qr_identify/share/qr_identify
[0.665s] running install_egg_info
[0.666s] Copying ../../build/qr_identify/qr_identify.egg-info to /home/zhu/rm2024/RC_October/install/qr_identify/lib/python3.10/site-packages/qr_identify-0.0.0-py3.10.egg-info
[0.667s] running install_scripts
[0.680s] Installing QR script to /home/zhu/rm2024/RC_October/install/qr_identify/lib/qr_identify
[0.680s] writing list of installed files to '/home/zhu/rm2024/RC_October/build/qr_identify/install.log'
[0.692s] Invoked command in '/home/zhu/rm2024/RC_October/src/qr_identify' returned '0': PYTHONPATH=/home/zhu/rm2024/RC_October/build/qr_identify/prefix_override:/usr/lib/python3/dist-packages/colcon_core/task/python/colcon_distutils_commands:/home/zhu/rm2024/RC_October/install/qr_identify/lib/python3.10/site-packages:${PYTHONPATH} /usr/bin/python3 -W ignore:setup.py install is deprecated setup.py egg_info --egg-base ../../build/qr_identify build --build-base /home/zhu/rm2024/RC_October/build/qr_identify/build install --record /home/zhu/rm2024/RC_October/build/qr_identify/install.log --single-version-externally-managed install_data
