running egg_info
writing ../../build/qr_identify/qr_identify.egg-info/PKG-INFO
writing dependency_links to ../../build/qr_identify/qr_identify.egg-info/dependency_links.txt
writing entry points to ../../build/qr_identify/qr_identify.egg-info/entry_points.txt
writing requirements to ../../build/qr_identify/qr_identify.egg-info/requires.txt
writing top-level names to ../../build/qr_identify/qr_identify.egg-info/top_level.txt
reading manifest file '../../build/qr_identify/qr_identify.egg-info/SOURCES.txt'
adding license file 'LICENSE'
writing manifest file '../../build/qr_identify/qr_identify.egg-info/SOURCES.txt'
running build
running build_py
running install
running install_lib
running install_data
running install_egg_info
removing '/home/zhu/rm2024/RC_October/install/qr_identify/lib/python3.10/site-packages/qr_identify-0.0.0-py3.10.egg-info' (and everything under it)
Copying ../../build/qr_identify/qr_identify.egg-info to /home/zhu/rm2024/RC_October/install/qr_identify/lib/python3.10/site-packages/qr_identify-0.0.0-py3.10.egg-info
running install_scripts
Installing QR script to /home/zhu/rm2024/RC_October/install/qr_identify/lib/qr_identify
writing list of installed files to '/home/zhu/rm2024/RC_October/build/qr_identify/install.log'
