[0.488s] Invoking command in '/home/zhu/rm2024/RC_October/src/qr_identify': PYTHONPATH=/home/zhu/rm2024/RC_October/build/qr_identify/prefix_override:/usr/lib/python3/dist-packages/colcon_core/task/python/colcon_distutils_commands:/home/zhu/rm2024/RC_October/install/qr_identify/lib/python3.10/site-packages:${PYTHONPATH} /usr/bin/python3 -W ignore:setup.py install is deprecated setup.py egg_info --egg-base ../../build/qr_identify build --build-base /home/zhu/rm2024/RC_October/build/qr_identify/build install --record /home/zhu/rm2024/RC_October/build/qr_identify/install.log --single-version-externally-managed install_data
[0.629s] running egg_info
[0.630s] writing ../../build/qr_identify/qr_identify.egg-info/PKG-INFO
[0.630s] writing dependency_links to ../../build/qr_identify/qr_identify.egg-info/dependency_links.txt
[0.630s] writing entry points to ../../build/qr_identify/qr_identify.egg-info/entry_points.txt
[0.630s] writing requirements to ../../build/qr_identify/qr_identify.egg-info/requires.txt
[0.630s] writing top-level names to ../../build/qr_identify/qr_identify.egg-info/top_level.txt
[0.631s] reading manifest file '../../build/qr_identify/qr_identify.egg-info/SOURCES.txt'
[0.632s] adding license file 'LICENSE'
[0.632s] writing manifest file '../../build/qr_identify/qr_identify.egg-info/SOURCES.txt'
[0.632s] running build
[0.632s] running build_py
[0.632s] running install
[0.633s] running install_lib
[0.634s] running install_data
[0.634s] running install_egg_info
[0.635s] removing '/home/zhu/rm2024/RC_October/install/qr_identify/lib/python3.10/site-packages/qr_identify-0.0.0-py3.10.egg-info' (and everything under it)
[0.635s] Copying ../../build/qr_identify/qr_identify.egg-info to /home/zhu/rm2024/RC_October/install/qr_identify/lib/python3.10/site-packages/qr_identify-0.0.0-py3.10.egg-info
[0.635s] running install_scripts
[0.648s] Installing QR script to /home/zhu/rm2024/RC_October/install/qr_identify/lib/qr_identify
[0.648s] writing list of installed files to '/home/zhu/rm2024/RC_October/build/qr_identify/install.log'
[0.662s] Invoked command in '/home/zhu/rm2024/RC_October/src/qr_identify' returned '0': PYTHONPATH=/home/zhu/rm2024/RC_October/build/qr_identify/prefix_override:/usr/lib/python3/dist-packages/colcon_core/task/python/colcon_distutils_commands:/home/zhu/rm2024/RC_October/install/qr_identify/lib/python3.10/site-packages:${PYTHONPATH} /usr/bin/python3 -W ignore:setup.py install is deprecated setup.py egg_info --egg-base ../../build/qr_identify build --build-base /home/zhu/rm2024/RC_October/build/qr_identify/build install --record /home/zhu/rm2024/RC_October/build/qr_identify/install.log --single-version-externally-managed install_data
